Mplus VERSION 8.10
MUTHEN & MUTHEN
03/04/2025   1:14 PM

INPUT INSTRUCTIONS

  TITLE: Manifest moderation

  DATA: FILE = mydata2.dat;

  VARIABLE:
  NAMES = ID Age PTSD1 PTSD2 PTSD3 SUP1 SUP2 SUP3 BCOPE1 BCOPE2 BCOPE3 Reint;

  MISSING = ALL (-999);

  USEVARIABLES = X W Y XW;

  DEFINE:
  W = (PTSD1 + PTSD2 + PTSD3) / 3 ;
  X = (BCOPE1 + BCOPE2 + BCOPE3)/3 ;
  Y = (SUP1 + SUP2 + SUP3)/3 ;

  ! Create interaction term
  ! Note that it has to be placed at end of USEVARIABLES subcommand above
  XW = X*W;

  ANALYSIS:
     TYPE = GENERAL;
     ESTIMATOR = ML;

  ! In model statement name each path using parentheses
  MODEL:
     [Y] (b0);
     Y ON X (b1);
     Y ON W (b2);
     Y ON XW (b3);

  ! Use model constraint subcommand to test simple slopes
  ! You need to pick low, medium and high moderator values,
  ! for example, of 1 SD below mean, mean, 1 SD above mean

  MODEL CONSTRAINT:
     NEW(LOW_W MED_W HIGH_W SIMP_LO SIMP_MED SIMP_HI);

     LOW_W = 0;   ! Chosen low value of W
     MED_W = 1.5;   ! Chosen medium value of W
     HIGH_W = 3;   ! Chosen high value of W

  ! Now calc simple slopes for each value of W
     SIMP_LO = b1 + b3*LOW_W;
     SIMP_MED = b1 + b3*MED_W;
     SIMP_HI = b1 + b3*HIGH_W;

  ! Use loop plot to plot model for low, med, high values of W
  ! NOTE - values of 1,5 in LOOP() statement need to be replaced by
  ! logical min and max limits of predictor X used in analysis
     PLOT(LOMOD MEDMOD HIMOD);
     LOOP(XVAL,1,4,0.5);
     LOMOD = (b0 + b2*LOW_W) + (b1 + b3*LOW_W)*XVAL;
     MEDMOD = (b0 + b2*MED_W) + (b1 + b3*MED_W)*XVAL;
     HIMOD = (b0 + b2*HIGH_W) + (b1 + b3*HIGH_W)*XVAL;

  PLOT:
     TYPE = plot2;

  OUTPUT:
     STAND CINT;



*** WARNING
  Data set contains cases with missing on x-variables.
  These cases were not included in the analysis.
  Number of cases with missing on x-variables:  4
*** WARNING
  Data set contains cases with missing on all variables except
  x-variables.  These cases were not included in the analysis.
  Number of cases with missing on all variables except x-variables:  1
   2 WARNING(S) FOUND IN THE INPUT INSTRUCTIONS



Manifest moderation

SUMMARY OF ANALYSIS

Number of groups                                                 1
Number of observations                                         138

Number of dependent variables                                    1
Number of independent variables                                  3
Number of continuous latent variables                            0

Observed dependent variables

  Continuous
   Y

Observed independent variables
   X           W           XW


Estimator                                                       ML
Information matrix                                        OBSERVED
Maximum number of iterations                                  1000
Convergence criterion                                    0.500D-04
Maximum number of steepest descent iterations                   20
Maximum number of iterations for H1                           2000
Convergence criterion for H1                             0.100D-03

Input data file(s)
  mydata2.dat

Input data format  FREE


SUMMARY OF DATA

     Number of missing data patterns             1


COVARIANCE COVERAGE OF DATA

Minimum covariance coverage value   0.100


     PROPORTION OF DATA PRESENT


           Covariance Coverage
              Y             X             W             XW
              ________      ________      ________      ________
 Y              1.000
 X              1.000         1.000
 W              1.000         1.000         1.000
 XW             1.000         1.000         1.000         1.000



UNIVARIATE SAMPLE STATISTICS


     UNIVARIATE HIGHER-ORDER MOMENT DESCRIPTIVE STATISTICS

         Variable/         Mean/     Skewness/   Minimum/ % with                Percentiles
        Sample Size      Variance    Kurtosis    Maximum  Min/Max      20%/60%    40%/80%    Median

     Y                     3.186       0.545       1.000   33.33%       1.000      1.667      2.667
             138.000       4.845      -1.209       7.000   10.14%       3.333      5.667
     X                     1.949       0.548       1.000   33.33%       1.000      1.333      2.000
             138.000       0.818      -0.843       4.000    2.90%       2.000      3.000
     W                     0.527       1.570       0.000   57.97%       0.000      0.000      0.000
             138.000       0.642       1.574       3.000    2.90%       0.333      1.000
     XW                    1.402       2.246       0.000   57.97%       0.000      0.000      0.000
             138.000       5.728       5.358      12.000    1.45%       0.444      2.444


THE MODEL ESTIMATION TERMINATED NORMALLY



MODEL FIT INFORMATION

Number of Free Parameters                        5

Loglikelihood

          H0 Value                        -297.258
          H1 Value                        -297.258

Information Criteria

          Akaike (AIC)                     604.517
          Bayesian (BIC)                   619.153
          Sample-Size Adjusted BIC         603.335
            (n* = (n + 2) / 24)

Chi-Square Test of Model Fit

          Value                              0.000
          Degrees of Freedom                     0
          P-Value                           0.0000

RMSEA (Root Mean Square Error Of Approximation)

          Estimate                           0.000
          90 Percent C.I.                    0.000  0.000
          Probability RMSEA <= .05           0.000

CFI/TLI

          CFI                                1.000
          TLI                                1.000

Chi-Square Test of Model Fit for the Baseline Model

          Value                             14.879
          Degrees of Freedom                     3
          P-Value                           0.0019

SRMR (Standardized Root Mean Square Residual)

          Value                              0.000



MODEL RESULTS

                                                    Two-Tailed
                    Estimate       S.E.  Est./S.E.    P-Value

 Y        ON
    X                 -0.491      0.253     -1.940      0.052
    W                 -2.724      0.785     -3.472      0.001
    XW                 0.869      0.281      3.095      0.002

 Intercepts
    Y                  4.358      0.478      9.117      0.000

 Residual Variances
    Y                  4.350      0.524      8.307      0.000

New/Additional Parameters
    LOW_W              0.000      0.000      0.000      1.000
    MED_W              1.500      0.000      0.000      1.000
    HIGH_W             3.000      0.000      0.000      1.000
    SIMP_LO           -0.491      0.253     -1.940      0.052
    SIMP_MED           0.814      0.390      2.087      0.037
    SIMP_HI            2.118      0.771      2.745      0.006


QUALITY OF NUMERICAL RESULTS

     Condition Number for the Information Matrix              0.214E-02
       (ratio of smallest to largest eigenvalue)


STANDARDIZED MODEL RESULTS


STDYX Standardization

                                                    Two-Tailed
                    Estimate       S.E.  Est./S.E.    P-Value

 Y        ON
    X                 -0.202      0.103     -1.961      0.050
    W                 -0.992      0.275     -3.605      0.000
    XW                 0.945      0.297      3.186      0.001

 Intercepts
    Y                  1.980      0.218      9.070      0.000

 Residual Variances
    Y                  0.898      0.049     18.372      0.000


STDY Standardization

                                                    Two-Tailed
                    Estimate       S.E.  Est./S.E.    P-Value

 Y        ON
    X                 -0.223      0.113     -1.975      0.048
    W                 -1.237      0.336     -3.686      0.000
    XW                 0.395      0.122      3.244      0.001

 Intercepts
    Y                  1.980      0.218      9.070      0.000

 Residual Variances
    Y                  0.898      0.049     18.372      0.000


STD Standardization

                                                    Two-Tailed
                    Estimate       S.E.  Est./S.E.    P-Value

 Y        ON
    X                 -0.491      0.253     -1.940      0.052
    W                 -2.724      0.785     -3.472      0.001
    XW                 0.869      0.281      3.095      0.002

 Intercepts
    Y                  4.358      0.478      9.117      0.000

 Residual Variances
    Y                  4.350      0.524      8.307      0.000


R-SQUARE

    Observed                                        Two-Tailed
    Variable        Estimate       S.E.  Est./S.E.    P-Value

    Y                  0.102      0.049      2.092      0.036


CONFIDENCE INTERVALS OF MODEL RESULTS

                  Lower .5%  Lower 2.5%    Lower 5%    Estimate    Upper 5%  Upper 2.5%   Upper .5%

 Y        ON
    X               -1.142      -0.986      -0.907      -0.491      -0.074       0.005       0.161
    W               -4.744      -4.261      -4.014      -2.724      -1.433      -1.186      -0.703
    XW               0.146       0.319       0.407       0.869       1.332       1.420       1.593

 Intercepts
    Y                3.127       3.421       3.571       4.358       5.144       5.294       5.589

 Residual Variances
    Y                3.001       3.324       3.489       4.350       5.212       5.377       5.699

New/Additional Parameters
    LOW_W            0.000       0.000       0.000       0.000       0.000       0.000       0.000
    MED_W            1.500       1.500       1.500       1.500       1.500       1.500       1.500
    HIGH_W           3.000       3.000       3.000       3.000       3.000       3.000       3.000
    SIMP_LO         -1.142      -0.986      -0.907      -0.491      -0.074       0.005       0.161
    SIMP_MED        -0.190       0.050       0.172       0.814       1.455       1.578       1.818
    SIMP_HI          0.131       0.606       0.849       2.118       3.387       3.630       4.105


CONFIDENCE INTERVALS OF STANDARDIZED MODEL RESULTS


STDYX Standardization

                  Lower .5%  Lower 2.5%    Lower 5%    Estimate    Upper 5%  Upper 2.5%   Upper .5%

 Y        ON
    X               -0.466      -0.403      -0.371      -0.202      -0.033       0.000       0.063
    W               -1.700      -1.531      -1.444      -0.992      -0.539      -0.452      -0.283
    XW               0.181       0.364       0.457       0.945       1.433       1.527       1.710

 Intercepts
    Y                1.417       1.552       1.621       1.980       2.339       2.407       2.542

 Residual Variances
    Y                0.772       0.802       0.817       0.898       0.978       0.994       1.024


STDY Standardization

                  Lower .5%  Lower 2.5%    Lower 5%    Estimate    Upper 5%  Upper 2.5%   Upper .5%

 Y        ON
    X               -0.514      -0.444      -0.409      -0.223      -0.037      -0.002       0.068
    W               -2.102      -1.895      -1.789      -1.237      -0.685      -0.579      -0.373
    XW               0.081       0.156       0.195       0.395       0.595       0.634       0.709

 Intercepts
    Y                1.417       1.552       1.621       1.980       2.339       2.407       2.542

 Residual Variances
    Y                0.772       0.802       0.817       0.898       0.978       0.994       1.024


STD Standardization

                  Lower .5%  Lower 2.5%    Lower 5%    Estimate    Upper 5%  Upper 2.5%   Upper .5%

 Y        ON
    X               -1.142      -0.986      -0.907      -0.491      -0.074       0.005       0.161
    W               -4.744      -4.261      -4.014      -2.724      -1.433      -1.186      -0.703
    XW               0.146       0.319       0.407       0.869       1.332       1.420       1.593

 Intercepts
    Y                3.127       3.421       3.571       4.358       5.144       5.294       5.589

 Residual Variances
    Y                3.001       3.324       3.489       4.350       5.212       5.377       5.699


PLOT INFORMATION

The following plots are available:

  Loop plots

DIAGRAM INFORMATION

  Use View Diagram under the Diagram menu in the Mplus Editor to view the diagram.
  If running Mplus from the Mplus Diagrammer, the diagram opens automatically.

  Diagram output
    c:\users\whowar\documents\github\bcorp-2025\exercises\4.1-manifest-moderation.dgm

     Beginning Time:  13:14:29
        Ending Time:  13:14:29
       Elapsed Time:  00:00:00



MUTHEN & MUTHEN
3463 Stoner Ave.
Los Angeles, CA  90066

Tel: (310) 391-9971
Fax: (310) 391-8971
Web: www.StatModel.com
Support: Support@StatModel.com

Copyright (c) 1998-2023 Muthen & Muthen
