Mplus VERSION 8.10
MUTHEN & MUTHEN
03/04/2025   1:16 PM

INPUT INSTRUCTIONS

  TITLE: Latent Moderation

  DATA: FILE = mydata2.dat;

  VARIABLE:
  NAMES = ID Age PTSD1 PTSD2 PTSD3 SUP1 SUP2 SUP3 BCOPE1 BCOPE2 BCOPE3 Reint;

  MISSING = ALL (-999);

  USEVARIABLES = PTSD1 PTSD2 PTSD3
                 SUP1 SUP2 SUP3
                 BCOPE1 BCOPE2 BCOPE3;

  ANALYSIS:
     TYPE = GENERAL RANDOM;
     ESTIMATOR = ML;
     ALGORITHM = INTEGRATION;

  MODEL:
  Z by PTSD1* PTSD2 PTSD3 ;
  Z@1;
  X by BCOPE1* BCOPE2 BCOPE3 ;
  X@1;
  Y by SUP1* SUP2 SUP3 ;
  Y@1;

     XZ | X XWITH Z;

     Y ON X (b1);
     Y ON Z (b2);
     Y ON XZ (b3);

  MODEL CONSTRAINT:
     NEW(LOW_Z MED_Z HIGH_Z SIMP_LO SIMP_MED SIMP_HI);

     LOW_Z = 0;
     MED_Z = 1.5;
     HIGH_Z = 3;

     SIMP_LO = b1 + b3*LOW_Z;
     SIMP_MED = b1 + b3*MED_Z;
     SIMP_HI = b1 + b3*HIGH_Z;

     PLOT(LOMOD MEDMOD HIMOD);
     LOOP(XVAL,1,4,0.5);
     LOMOD = (b1 + b3*LOW_Z)*XVAL;
     MEDMOD = (b1 + b3*MED_Z)*XVAL;
     HIMOD = (b1 + b3*HIGH_Z)*XVAL;

  PLOT: TYPE = plot2;
  OUTPUT: CINT STAND;



INPUT READING TERMINATED NORMALLY



Latent Moderation

SUMMARY OF ANALYSIS

Number of groups                                                 1
Number of observations                                         143

Number of dependent variables                                    9
Number of independent variables                                  0
Number of continuous latent variables                            4

Observed dependent variables

  Continuous
   PTSD1       PTSD2       PTSD3       SUP1        SUP2        SUP3
   BCOPE1      BCOPE2      BCOPE3

Continuous latent variables
   Z           X           Y           XZ


Estimator                                                       ML
Information matrix                                        OBSERVED
Optimization Specifications for the Quasi-Newton Algorithm for
Continuous Outcomes
  Maximum number of iterations                                 100
  Convergence criterion                                  0.100D-05
Optimization Specifications for the EM Algorithm
  Maximum number of iterations                                 500
  Convergence criteria
    Loglikelihood change                                 0.100D-02
    Relative loglikelihood change                        0.100D-05
    Derivative                                           0.100D-02
Optimization Specifications for the M step of the EM Algorithm for
Categorical Latent variables
  Number of M step iterations                                    1
  M step convergence criterion                           0.100D-02
  Basis for M step termination                           ITERATION
Optimization Specifications for the M step of the EM Algorithm for
Censored, Binary or Ordered Categorical (Ordinal), Unordered
Categorical (Nominal) and Count Outcomes
  Number of M step iterations                                    1
  M step convergence criterion                           0.100D-02
  Basis for M step termination                           ITERATION
  Maximum value for logit thresholds                            15
  Minimum value for logit thresholds                           -15
  Minimum expected cell size for chi-square              0.100D-01
Maximum number of iterations for H1                           2000
Convergence criterion for H1                             0.100D-03
Optimization algorithm                                         EMA
Integration Specifications
  Type                                                    STANDARD
  Number of integration points                                  15
  Dimensions of numerical integration                            2
  Adaptive quadrature                                           ON
Cholesky                                                       OFF

Input data file(s)
  mydata2.dat
Input data format  FREE


SUMMARY OF DATA

     Number of missing data patterns             4


COVARIANCE COVERAGE OF DATA

Minimum covariance coverage value   0.100


     PROPORTION OF DATA PRESENT FOR Y


           Covariance Coverage
              PTSD1         PTSD2         PTSD3         SUP1          SUP2
              ________      ________      ________      ________      ________
 PTSD1          0.979
 PTSD2          0.979         1.000
 PTSD3          0.979         1.000         1.000
 SUP1           0.979         1.000         1.000         1.000
 SUP2           0.972         0.993         0.993         0.993         0.993
 SUP3           0.979         1.000         1.000         1.000         0.993
 BCOPE1         0.972         0.993         0.993         0.993         0.986
 BCOPE2         0.972         0.993         0.993         0.993         0.986
 BCOPE3         0.972         0.993         0.993         0.993         0.986


           Covariance Coverage
              SUP3          BCOPE1        BCOPE2        BCOPE3
              ________      ________      ________      ________
 SUP3           1.000
 BCOPE1         0.993         0.993
 BCOPE2         0.993         0.993         0.993
 BCOPE3         0.993         0.993         0.993         0.993



UNIVARIATE SAMPLE STATISTICS


     UNIVARIATE HIGHER-ORDER MOMENT DESCRIPTIVE STATISTICS

         Variable/         Mean/     Skewness/   Minimum/ % with                Percentiles
        Sample Size      Variance    Kurtosis    Maximum  Min/Max      20%/60%    40%/80%    Median

     PTSD1                 0.750       1.145       0.000   62.14%       0.000      0.000      0.000
             140.000       1.216      -0.249       3.000   14.29%       0.000      2.000
     PTSD2                 0.448       1.869       0.000   75.52%       0.000      0.000      0.000
             143.000       0.779       2.208       3.000    6.29%       0.000      1.000
     PTSD3                 0.392       2.219       0.000   79.02%       0.000      0.000      0.000
             143.000       0.756       3.620       3.000    7.69%       0.000      1.000
     SUP1                  3.287       0.443       1.000   41.26%       1.000      1.000      2.000
             143.000       5.659      -1.429       7.000   17.48%       4.000      6.000
     SUP2                  2.993       0.694       1.000   46.48%       1.000      1.000      2.000
             142.000       5.528      -1.188       7.000   15.49%       3.000      6.000
     SUP3                  3.322       0.365       1.000   42.66%       1.000      1.000      3.000
             143.000       5.631      -1.500       7.000   15.38%       4.000      6.000
     BCOPE1                2.408       0.125       1.000   41.55%       1.000      1.000      2.000
             142.000       1.791      -1.767       4.000   35.92%       3.000      4.000
     BCOPE2                1.831       0.926       1.000   60.56%       1.000      1.000      1.000
             142.000       1.309      -0.769       4.000   14.79%       1.000      3.000
     BCOPE3                1.627       1.403       1.000   72.54%       1.000      1.000      1.000
             142.000       1.220       0.247       4.000   14.08%       1.000      3.000


THE MODEL ESTIMATION TERMINATED NORMALLY



MODEL FIT INFORMATION

Number of Free Parameters                       31

Loglikelihood

          H0 Value                       -1928.917

Information Criteria

          Akaike (AIC)                    3919.835
          Bayesian (BIC)                  4011.683
          Sample-Size Adjusted BIC        3913.594
            (n* = (n + 2) / 24)



MODEL RESULTS

                                                    Two-Tailed
                    Estimate       S.E.  Est./S.E.    P-Value

 Z        BY
    PTSD1              0.961      0.085     11.363      0.000
    PTSD2              0.651      0.069      9.458      0.000
    PTSD3              0.617      0.068      9.059      0.000

 X        BY
    BCOPE1             0.702      0.129      5.449      0.000
    BCOPE2             0.571      0.112      5.111      0.000
    BCOPE3             0.728      0.100      7.290      0.000

 Y        BY
    SUP1               1.871      0.178     10.496      0.000
    SUP2               1.924      0.170     11.312      0.000
    SUP3               1.686      0.175      9.651      0.000

 Y          ON
    X                 -0.095      0.281     -0.339      0.734
    Z                 -0.641      0.297     -2.153      0.031
    XZ                 0.420      0.148      2.828      0.005

 X        WITH
    Z                  0.796      0.076     10.442      0.000

 Intercepts
    PTSD1              0.765      0.094      8.148      0.000
    PTSD2              0.448      0.074      6.066      0.000
    PTSD3              0.392      0.073      5.388      0.000
    SUP1               2.661      0.281      9.474      0.000
    SUP2               2.348      0.284      8.271      0.000
    SUP3               2.758      0.269     10.268      0.000
    BCOPE1             2.405      0.112     21.429      0.000
    BCOPE2             1.828      0.096     19.049      0.000
    BCOPE3             1.623      0.093     17.531      0.000

 Variances
    Z                  1.000      0.000    999.000    999.000
    X                  1.000      0.000    999.000    999.000

 Residual Variances
    PTSD1              0.324      0.081      4.020      0.000
    PTSD2              0.355      0.055      6.400      0.000
    PTSD3              0.375      0.055      6.831      0.000
    SUP1               0.898      0.181      4.958      0.000
    SUP2               0.467      0.165      2.826      0.005
    SUP3               1.767      0.247      7.164      0.000
    BCOPE1             1.298      0.187      6.933      0.000
    BCOPE2             0.983      0.139      7.063      0.000
    BCOPE3             0.689      0.117      5.909      0.000
    Y                  1.000      0.000    999.000    999.000

New/Additional Parameters
    LOW_Z              0.000      0.000      0.000      1.000
    MED_Z              1.500      0.000  *********      0.000
    HIGH_Z             3.000      0.000  *********      0.000
    SIMP_LO           -0.095      0.281     -0.339      0.734
    SIMP_MED           0.534      0.344      1.553      0.120
    SIMP_HI            1.164      0.507      2.297      0.022


QUALITY OF NUMERICAL RESULTS

     Condition Number for the Information Matrix              0.543E-03
       (ratio of smallest to largest eigenvalue)


STANDARDIZED MODEL RESULTS


STDYX Standardization

                                                    Two-Tailed
                    Estimate       S.E.  Est./S.E.    P-Value

 Z        BY
    PTSD1              0.860      0.040     21.542      0.000
    PTSD2              0.738      0.049     14.910      0.000
    PTSD3              0.710      0.051     13.837      0.000

 X        BY
    BCOPE1             0.525      0.083      6.315      0.000
    BCOPE2             0.499      0.086      5.824      0.000
    BCOPE3             0.659      0.070      9.395      0.000

 Y        BY
    SUP1               0.936      0.017     54.074      0.000
    SUP2               0.967      0.014     69.175      0.000
    SUP3               0.862      0.030     28.495      0.000

 Y          ON
    X                 -0.071      0.209     -0.341      0.733
    Z                 -0.477      0.190     -2.505      0.012
    XZ                 0.313      0.074      4.231      0.000

 X        WITH
    Z                  0.796      0.076     10.442      0.000

 Intercepts
    PTSD1              0.685      0.093      7.339      0.000
    PTSD2              0.507      0.089      5.710      0.000
    PTSD3              0.451      0.088      5.134      0.000
    SUP1               0.990      0.162      6.119      0.000
    SUP2               0.878      0.158      5.549      0.000
    SUP3               1.050      0.158      6.633      0.000
    BCOPE1             1.797      0.136     13.229      0.000
    BCOPE2             1.598      0.127     12.605      0.000
    BCOPE3             1.470      0.121     12.132      0.000

 Variances
    Z                  1.000      0.000    999.000    999.000
    X                  1.000      0.000    999.000    999.000

 Residual Variances
    PTSD1              0.260      0.069      3.788      0.000
    PTSD2              0.456      0.073      6.245      0.000
    PTSD3              0.496      0.073      6.815      0.000
    SUP1               0.124      0.032      3.840      0.000
    SUP2               0.065      0.027      2.420      0.016
    SUP3               0.256      0.052      4.907      0.000
    BCOPE1             0.725      0.087      8.318      0.000
    BCOPE2             0.751      0.086      8.783      0.000
    BCOPE3             0.565      0.093      6.110      0.000
    Y                  0.554      0.149      3.728      0.000


STDY Standardization

                                                    Two-Tailed
                    Estimate       S.E.  Est./S.E.    P-Value

 Z        BY
    PTSD1              0.860      0.040     21.542      0.000
    PTSD2              0.738      0.049     14.910      0.000
    PTSD3              0.710      0.051     13.837      0.000

 X        BY
    BCOPE1             0.525      0.083      6.315      0.000
    BCOPE2             0.499      0.086      5.824      0.000
    BCOPE3             0.659      0.070      9.395      0.000

 Y        BY
    SUP1               0.936      0.017     54.074      0.000
    SUP2               0.967      0.014     69.175      0.000
    SUP3               0.862      0.030     28.495      0.000

 Y          ON
    X                 -0.071      0.209     -0.341      0.733
    Z                 -0.477      0.190     -2.505      0.012
    XZ                 0.313      0.074      4.231      0.000

 X        WITH
    Z                  0.796      0.076     10.442      0.000

 Intercepts
    PTSD1              0.685      0.093      7.339      0.000
    PTSD2              0.507      0.089      5.710      0.000
    PTSD3              0.451      0.088      5.134      0.000
    SUP1               0.990      0.162      6.119      0.000
    SUP2               0.878      0.158      5.549      0.000
    SUP3               1.050      0.158      6.633      0.000
    BCOPE1             1.797      0.136     13.229      0.000
    BCOPE2             1.598      0.127     12.605      0.000
    BCOPE3             1.470      0.121     12.132      0.000

 Variances
    Z                  1.000      0.000    999.000    999.000
    X                  1.000      0.000    999.000    999.000

 Residual Variances
    PTSD1              0.260      0.069      3.788      0.000
    PTSD2              0.456      0.073      6.245      0.000
    PTSD3              0.496      0.073      6.815      0.000
    SUP1               0.124      0.032      3.840      0.000
    SUP2               0.065      0.027      2.420      0.016
    SUP3               0.256      0.052      4.907      0.000
    BCOPE1             0.725      0.087      8.318      0.000
    BCOPE2             0.751      0.086      8.783      0.000
    BCOPE3             0.565      0.093      6.110      0.000
    Y                  0.554      0.149      3.728      0.000


STD Standardization

                                                    Two-Tailed
                    Estimate       S.E.  Est./S.E.    P-Value

 Z        BY
    PTSD1              0.961      0.085     11.363      0.000
    PTSD2              0.651      0.069      9.458      0.000
    PTSD3              0.617      0.068      9.059      0.000

 X        BY
    BCOPE1             0.702      0.129      5.449      0.000
    BCOPE2             0.571      0.112      5.111      0.000
    BCOPE3             0.728      0.100      7.290      0.000

 Y        BY
    SUP1               2.514      0.259      9.691      0.000
    SUP2               2.584      0.263      9.807      0.000
    SUP3               2.265      0.256      8.855      0.000

 Y          ON
    X                 -0.071      0.209     -0.341      0.733
    Z                 -0.477      0.190     -2.505      0.012
    XZ                 0.313      0.074      4.231      0.000

 X        WITH
    Z                  0.796      0.076     10.442      0.000

 Intercepts
    PTSD1              0.765      0.094      8.148      0.000
    PTSD2              0.448      0.074      6.066      0.000
    PTSD3              0.392      0.073      5.388      0.000
    SUP1               2.661      0.281      9.474      0.000
    SUP2               2.348      0.284      8.271      0.000
    SUP3               2.758      0.269     10.268      0.000
    BCOPE1             2.405      0.112     21.429      0.000
    BCOPE2             1.828      0.096     19.049      0.000
    BCOPE3             1.623      0.093     17.531      0.000

 Variances
    Z                  1.000      0.000    999.000    999.000
    X                  1.000      0.000    999.000    999.000

 Residual Variances
    PTSD1              0.324      0.081      4.020      0.000
    PTSD2              0.355      0.055      6.400      0.000
    PTSD3              0.375      0.055      6.831      0.000
    SUP1               0.898      0.181      4.958      0.000
    SUP2               0.467      0.165      2.826      0.005
    SUP3               1.767      0.247      7.164      0.000
    BCOPE1             1.298      0.187      6.933      0.000
    BCOPE2             0.983      0.139      7.063      0.000
    BCOPE3             0.689      0.117      5.909      0.000
    Y                  0.554      0.149      3.728      0.000


R-SQUARE

    Observed                                        Two-Tailed
    Variable        Estimate       S.E.  Est./S.E.    P-Value

    PTSD1              0.740      0.069     10.771      0.000
    PTSD2              0.544      0.073      7.455      0.000
    PTSD3              0.504      0.073      6.919      0.000
    SUP1               0.876      0.032     27.037      0.000
    SUP2               0.935      0.027     34.588      0.000
    SUP3               0.744      0.052     14.248      0.000
    BCOPE1             0.275      0.087      3.158      0.002
    BCOPE2             0.249      0.086      2.912      0.004
    BCOPE3             0.435      0.093      4.698      0.000

     Latent                                         Two-Tailed
    Variable        Estimate       S.E.  Est./S.E.    P-Value

    Y                  0.446      0.149      3.000      0.003


CONFIDENCE INTERVALS OF MODEL RESULTS

                  Lower .5%  Lower 2.5%    Lower 5%    Estimate    Upper 5%  Upper 2.5%   Upper .5%

 Z        BY
    PTSD1            0.743       0.795       0.821       0.961       1.100       1.126       1.178
    PTSD2            0.474       0.516       0.538       0.651       0.764       0.786       0.828
    PTSD3            0.442       0.483       0.505       0.617       0.729       0.750       0.792

 X        BY
    BCOPE1           0.370       0.449       0.490       0.702       0.914       0.954       1.034
    BCOPE2           0.283       0.352       0.387       0.571       0.755       0.790       0.859
    BCOPE3           0.471       0.532       0.564       0.728       0.892       0.924       0.985

 Y        BY
    SUP1             1.412       1.522       1.578       1.871       2.165       2.221       2.331
    SUP2             1.486       1.590       1.644       1.924       2.203       2.257       2.362
    SUP3             1.236       1.344       1.399       1.686       1.973       2.028       2.136

 Y        ON
    X               -0.820      -0.647      -0.558      -0.095       0.367       0.456       0.629
    Z               -1.407      -1.224      -1.130      -0.641      -0.151      -0.057       0.126
    XZ               0.037       0.129       0.176       0.420       0.664       0.711       0.802

 X        WITH
    Z                0.600       0.647       0.671       0.796       0.922       0.946       0.993

 Intercepts
    PTSD1            0.523       0.581       0.610       0.765       0.919       0.948       1.006
    PTSD2            0.258       0.303       0.326       0.448       0.569       0.592       0.638
    PTSD3            0.204       0.249       0.272       0.392       0.511       0.534       0.579
    SUP1             1.937       2.110       2.199       2.661       3.123       3.211       3.384
    SUP2             1.617       1.791       1.881       2.348       2.815       2.904       3.079
    SUP3             2.066       2.231       2.316       2.758       3.199       3.284       3.449
    BCOPE1           2.116       2.185       2.220       2.405       2.590       2.625       2.694
    BCOPE2           1.581       1.640       1.670       1.828       1.986       2.016       2.075
    BCOPE3           1.385       1.442       1.471       1.623       1.775       1.805       1.862

 Variances
    Z                1.000       1.000       1.000       1.000       1.000       1.000       1.000
    X                1.000       1.000       1.000       1.000       1.000       1.000       1.000

 Residual Variances
    PTSD1            0.117       0.166       0.192       0.324       0.457       0.483       0.532
    PTSD2            0.212       0.246       0.264       0.355       0.446       0.464       0.498
    PTSD3            0.234       0.267       0.285       0.375       0.465       0.483       0.516
    SUP1             0.431       0.543       0.600       0.898       1.196       1.253       1.364
    SUP2             0.041       0.143       0.195       0.467       0.739       0.791       0.893
    SUP3             1.132       1.283       1.361       1.767       2.173       2.250       2.402
    BCOPE1           0.816       0.931       0.990       1.298       1.606       1.665       1.780
    BCOPE2           0.625       0.710       0.754       0.983       1.212       1.256       1.342
    BCOPE3           0.389       0.461       0.497       0.689       0.881       0.918       0.990
    Y                1.000       1.000       1.000       1.000       1.000       1.000       1.000

New/Additional Parameters
    LOW_Z            0.000       0.000       0.000       0.000       0.000       0.000       0.000
    MED_Z            1.500       1.500       1.500       1.500       1.500       1.500       1.500
    HIGH_Z           3.000       3.000       3.000       3.000       3.000       3.000       3.000
    SIMP_LO         -0.820      -0.647      -0.558      -0.095       0.367       0.456       0.629
    SIMP_MED        -0.352      -0.140      -0.031       0.534       1.100       1.208       1.420
    SIMP_HI         -0.141       0.171       0.331       1.164       1.998       2.157       2.469


CONFIDENCE INTERVALS OF STANDARDIZED MODEL RESULTS


STDYX Standardization

                  Lower .5%  Lower 2.5%    Lower 5%    Estimate    Upper 5%  Upper 2.5%   Upper .5%

 Z        BY
    PTSD1            0.757       0.782       0.794       0.860       0.926       0.938       0.963
    PTSD2            0.610       0.641       0.656       0.738       0.819       0.835       0.865
    PTSD3            0.578       0.609       0.625       0.710       0.794       0.810       0.842

 X        BY
    BCOPE1           0.311       0.362       0.388       0.525       0.661       0.687       0.739
    BCOPE2           0.278       0.331       0.358       0.499       0.640       0.667       0.720
    BCOPE3           0.479       0.522       0.544       0.659       0.775       0.797       0.840

 Y        BY
    SUP1             0.891       0.902       0.907       0.936       0.964       0.970       0.980
    SUP2             0.931       0.939       0.944       0.967       0.990       0.994       1.003
    SUP3             0.784       0.803       0.813       0.862       0.912       0.922       0.940

 Y        ON
    X               -0.608      -0.480      -0.414      -0.071       0.272       0.338       0.466
    Z               -0.967      -0.850      -0.790      -0.477      -0.164      -0.104       0.014
    XZ               0.122       0.168       0.191       0.313       0.434       0.457       0.503

 X        WITH
    Z                0.600       0.647       0.671       0.796       0.922       0.946       0.993

 Intercepts
    PTSD1            0.444       0.502       0.531       0.685       0.838       0.867       0.925
    PTSD2            0.278       0.333       0.361       0.507       0.653       0.681       0.736
    PTSD3            0.224       0.279       0.306       0.451       0.595       0.623       0.677
    SUP1             0.573       0.673       0.724       0.990       1.256       1.307       1.407
    SUP2             0.471       0.568       0.618       0.878       1.139       1.188       1.286
    SUP3             0.642       0.740       0.790       1.050       1.310       1.360       1.458
    BCOPE1           1.447       1.531       1.574       1.797       2.021       2.064       2.147
    BCOPE2           1.271       1.349       1.389       1.598       1.806       1.846       1.924
    BCOPE3           1.158       1.232       1.271       1.470       1.669       1.707       1.782

 Variances
    Z                1.000       1.000       1.000       1.000       1.000       1.000       1.000
    X                1.000       1.000       1.000       1.000       1.000       1.000       1.000

 Residual Variances
    PTSD1            0.083       0.126       0.147       0.260       0.373       0.395       0.437
    PTSD2            0.268       0.313       0.336       0.456       0.576       0.599       0.644
    PTSD3            0.309       0.354       0.376       0.496       0.616       0.639       0.684
    SUP1             0.041       0.061       0.071       0.124       0.178       0.188       0.208
    SUP2            -0.004       0.012       0.021       0.065       0.110       0.118       0.135
    SUP3             0.122       0.154       0.170       0.256       0.342       0.359       0.391
    BCOPE1           0.500       0.554       0.581       0.725       0.868       0.896       0.949
    BCOPE2           0.531       0.583       0.610       0.751       0.892       0.919       0.971
    BCOPE3           0.327       0.384       0.413       0.565       0.718       0.747       0.804
    Y                0.171       0.263       0.310       0.554       0.799       0.845       0.937


STDY Standardization

                  Lower .5%  Lower 2.5%    Lower 5%    Estimate    Upper 5%  Upper 2.5%   Upper .5%

 Z        BY
    PTSD1            0.757       0.782       0.794       0.860       0.926       0.938       0.963
    PTSD2            0.610       0.641       0.656       0.738       0.819       0.835       0.865
    PTSD3            0.578       0.609       0.625       0.710       0.794       0.810       0.842

 X        BY
    BCOPE1           0.311       0.362       0.388       0.525       0.661       0.687       0.739
    BCOPE2           0.278       0.331       0.358       0.499       0.640       0.667       0.720
    BCOPE3           0.479       0.522       0.544       0.659       0.775       0.797       0.840

 Y        BY
    SUP1             0.891       0.902       0.907       0.936       0.964       0.970       0.980
    SUP2             0.931       0.939       0.944       0.967       0.990       0.994       1.003
    SUP3             0.784       0.803       0.813       0.862       0.912       0.922       0.940

 Y        ON
    X               -0.608      -0.480      -0.414      -0.071       0.272       0.338       0.466
    Z               -0.967      -0.850      -0.790      -0.477      -0.164      -0.104       0.014
    XZ               0.122       0.168       0.191       0.313       0.434       0.457       0.503

 X        WITH
    Z                0.600       0.647       0.671       0.796       0.922       0.946       0.993

 Intercepts
    PTSD1            0.444       0.502       0.531       0.685       0.838       0.867       0.925
    PTSD2            0.278       0.333       0.361       0.507       0.653       0.681       0.736
    PTSD3            0.224       0.279       0.306       0.451       0.595       0.623       0.677
    SUP1             0.573       0.673       0.724       0.990       1.256       1.307       1.407
    SUP2             0.471       0.568       0.618       0.878       1.139       1.188       1.286
    SUP3             0.642       0.740       0.790       1.050       1.310       1.360       1.458
    BCOPE1           1.447       1.531       1.574       1.797       2.021       2.064       2.147
    BCOPE2           1.271       1.349       1.389       1.598       1.806       1.846       1.924
    BCOPE3           1.158       1.232       1.271       1.470       1.669       1.707       1.782

 Variances
    Z                1.000       1.000       1.000       1.000       1.000       1.000       1.000
    X                1.000       1.000       1.000       1.000       1.000       1.000       1.000

 Residual Variances
    PTSD1            0.083       0.126       0.147       0.260       0.373       0.395       0.437
    PTSD2            0.268       0.313       0.336       0.456       0.576       0.599       0.644
    PTSD3            0.309       0.354       0.376       0.496       0.616       0.639       0.684
    SUP1             0.041       0.061       0.071       0.124       0.178       0.188       0.208
    SUP2            -0.004       0.012       0.021       0.065       0.110       0.118       0.135
    SUP3             0.122       0.154       0.170       0.256       0.342       0.359       0.391
    BCOPE1           0.500       0.554       0.581       0.725       0.868       0.896       0.949
    BCOPE2           0.531       0.583       0.610       0.751       0.892       0.919       0.971
    BCOPE3           0.327       0.384       0.413       0.565       0.718       0.747       0.804
    Y                0.171       0.263       0.310       0.554       0.799       0.845       0.937


STD Standardization

                  Lower .5%  Lower 2.5%    Lower 5%    Estimate    Upper 5%  Upper 2.5%   Upper .5%

 Z        BY
    PTSD1            0.743       0.795       0.821       0.961       1.100       1.126       1.178
    PTSD2            0.474       0.516       0.538       0.651       0.764       0.786       0.828
    PTSD3            0.442       0.483       0.505       0.617       0.729       0.750       0.792

 X        BY
    BCOPE1           0.370       0.449       0.490       0.702       0.914       0.954       1.034
    BCOPE2           0.283       0.352       0.387       0.571       0.755       0.790       0.859
    BCOPE3           0.471       0.532       0.564       0.728       0.892       0.924       0.985

 Y        BY
    SUP1             1.846       2.006       2.087       2.514       2.941       3.023       3.182
    SUP2             1.906       2.068       2.151       2.584       3.018       3.101       3.263
    SUP3             1.606       1.764       1.844       2.265       2.686       2.766       2.924

 Y        ON
    X               -0.608      -0.480      -0.414      -0.071       0.272       0.338       0.466
    Z               -0.967      -0.850      -0.790      -0.477      -0.164      -0.104       0.014
    XZ               0.122       0.168       0.191       0.313       0.434       0.457       0.503

 X        WITH
    Z                0.600       0.647       0.671       0.796       0.922       0.946       0.993

 Intercepts
    PTSD1            0.523       0.581       0.610       0.765       0.919       0.948       1.006
    PTSD2            0.258       0.303       0.326       0.448       0.569       0.592       0.638
    PTSD3            0.204       0.249       0.272       0.392       0.511       0.534       0.579
    SUP1             1.937       2.110       2.199       2.661       3.123       3.211       3.384
    SUP2             1.617       1.791       1.881       2.348       2.815       2.904       3.079
    SUP3             2.066       2.231       2.316       2.758       3.199       3.284       3.449
    BCOPE1           2.116       2.185       2.220       2.405       2.590       2.625       2.694
    BCOPE2           1.581       1.640       1.670       1.828       1.986       2.016       2.075
    BCOPE3           1.385       1.442       1.471       1.623       1.775       1.805       1.862

 Variances
    Z                1.000       1.000       1.000       1.000       1.000       1.000       1.000
    X                1.000       1.000       1.000       1.000       1.000       1.000       1.000

 Residual Variances
    PTSD1            0.117       0.166       0.192       0.324       0.457       0.483       0.532
    PTSD2            0.212       0.246       0.264       0.355       0.446       0.464       0.498
    PTSD3            0.234       0.267       0.285       0.375       0.465       0.483       0.516
    SUP1             0.431       0.543       0.600       0.898       1.196       1.253       1.364
    SUP2             0.041       0.143       0.195       0.467       0.739       0.791       0.893
    SUP3             1.132       1.283       1.361       1.767       2.173       2.250       2.402
    BCOPE1           0.816       0.931       0.990       1.298       1.606       1.665       1.780
    BCOPE2           0.625       0.710       0.754       0.983       1.212       1.256       1.342
    BCOPE3           0.389       0.461       0.497       0.689       0.881       0.918       0.990
    Y                0.171       0.263       0.310       0.554       0.799       0.845       0.937


PLOT INFORMATION

The following plots are available:

  Loop plots

DIAGRAM INFORMATION

  Use View Diagram under the Diagram menu in the Mplus Editor to view the diagram.
  If running Mplus from the Mplus Diagrammer, the diagram opens automatically.

  Diagram output
    c:\users\whowar\documents\github\bcorp-2025\exercises\4.2-latent-moderation.dgm

     Beginning Time:  13:16:14
        Ending Time:  13:16:14
       Elapsed Time:  00:00:00



MUTHEN & MUTHEN
3463 Stoner Ave.
Los Angeles, CA  90066

Tel: (310) 391-9971
Fax: (310) 391-8971
Web: www.StatModel.com
Support: Support@StatModel.com

Copyright (c) 1998-2023 Muthen & Muthen
