Mplus VERSION 8.10
MUTHEN & MUTHEN
03/04/2025   1:47 PM

INPUT INSTRUCTIONS

  TITLE: Latent Mediation

  DATA: FILE = mydata2.dat;

  VARIABLE:
  NAMES = ID Age PTSD1 PTSD2 PTSD3 SUP1 SUP2 SUP3 BCOPE1 BCOPE2 BCOPE3 Reint;

  USEVARIABLES = PTSD1 PTSD2 PTSD3
                 SUP1 SUP2 SUP3
                 BCOPE1 BCOPE2 BCOPE3;

  MISSING = ALL (-999);

  ANALYSIS:
     TYPE = GENERAL;
     ESTIMATOR = ML;
     BOOTSTRAP = 10000;

  MODEL:
  X by PTSD1* PTSD2 PTSD3 ;
  X@1;

  M by BCOPE1* BCOPE2 BCOPE3 ;
  M@1;

  Y by SUP1* SUP2 SUP3 ;
  Y@1;

     Y ON X M;
     M ON X;

  ! Use model constraint to calculate indirect and total effects

     MODEL INDIRECT:
     Y IND X;

  OUTPUT:
     STAND CINT(bcbootstrap);




INPUT READING TERMINATED NORMALLY



Latent Mediation

SUMMARY OF ANALYSIS

Number of groups                                                 1
Number of observations                                         143

Number of dependent variables                                    9
Number of independent variables                                  0
Number of continuous latent variables                            3

Observed dependent variables

  Continuous
   PTSD1       PTSD2       PTSD3       SUP1        SUP2        SUP3
   BCOPE1      BCOPE2      BCOPE3

Continuous latent variables
   X           M           Y


Estimator                                                       ML
Information matrix                                        OBSERVED
Maximum number of iterations                                  1000
Convergence criterion                                    0.500D-04
Maximum number of steepest descent iterations                   20
Maximum number of iterations for H1                           2000
Convergence criterion for H1                             0.100D-03
Number of bootstrap draws
    Requested                                                10000
    Completed                                                 9872

Input data file(s)
  mydata2.dat

Input data format  FREE


SUMMARY OF DATA

     Number of missing data patterns             4


COVARIANCE COVERAGE OF DATA

Minimum covariance coverage value   0.100


     PROPORTION OF DATA PRESENT


           Covariance Coverage
              PTSD1         PTSD2         PTSD3         SUP1          SUP2
              ________      ________      ________      ________      ________
 PTSD1          0.979
 PTSD2          0.979         1.000
 PTSD3          0.979         1.000         1.000
 SUP1           0.979         1.000         1.000         1.000
 SUP2           0.972         0.993         0.993         0.993         0.993
 SUP3           0.979         1.000         1.000         1.000         0.993
 BCOPE1         0.972         0.993         0.993         0.993         0.986
 BCOPE2         0.972         0.993         0.993         0.993         0.986
 BCOPE3         0.972         0.993         0.993         0.993         0.986


           Covariance Coverage
              SUP3          BCOPE1        BCOPE2        BCOPE3
              ________      ________      ________      ________
 SUP3           1.000
 BCOPE1         0.993         0.993
 BCOPE2         0.993         0.993         0.993
 BCOPE3         0.993         0.993         0.993         0.993



UNIVARIATE SAMPLE STATISTICS


     UNIVARIATE HIGHER-ORDER MOMENT DESCRIPTIVE STATISTICS

         Variable/         Mean/     Skewness/   Minimum/ % with                Percentiles
        Sample Size      Variance    Kurtosis    Maximum  Min/Max      20%/60%    40%/80%    Median

     PTSD1                 0.750       1.145       0.000   62.14%       0.000      0.000      0.000
             140.000       1.216      -0.249       3.000   14.29%       0.000      2.000
     PTSD2                 0.448       1.869       0.000   75.52%       0.000      0.000      0.000
             143.000       0.779       2.208       3.000    6.29%       0.000      1.000
     PTSD3                 0.392       2.219       0.000   79.02%       0.000      0.000      0.000
             143.000       0.756       3.620       3.000    7.69%       0.000      1.000
     SUP1                  3.287       0.443       1.000   41.26%       1.000      1.000      2.000
             143.000       5.659      -1.429       7.000   17.48%       4.000      6.000
     SUP2                  2.993       0.694       1.000   46.48%       1.000      1.000      2.000
             142.000       5.528      -1.188       7.000   15.49%       3.000      6.000
     SUP3                  3.322       0.365       1.000   42.66%       1.000      1.000      3.000
             143.000       5.631      -1.500       7.000   15.38%       4.000      6.000
     BCOPE1                2.408       0.125       1.000   41.55%       1.000      1.000      2.000
             142.000       1.791      -1.767       4.000   35.92%       3.000      4.000
     BCOPE2                1.831       0.926       1.000   60.56%       1.000      1.000      1.000
             142.000       1.309      -0.769       4.000   14.79%       1.000      3.000
     BCOPE3                1.627       1.403       1.000   72.54%       1.000      1.000      1.000
             142.000       1.220       0.247       4.000   14.08%       1.000      3.000


THE MODEL ESTIMATION TERMINATED NORMALLY



MODEL FIT INFORMATION

Number of Free Parameters                       30

Loglikelihood

          H0 Value                       -1934.084
          H1 Value                       -1916.089

Information Criteria

          Akaike (AIC)                    3928.169
          Bayesian (BIC)                  4017.054
          Sample-Size Adjusted BIC        3922.129
            (n* = (n + 2) / 24)

Chi-Square Test of Model Fit

          Value                             35.991
          Degrees of Freedom                    24
          P-Value                           0.0550

RMSEA (Root Mean Square Error Of Approximation)

          Estimate                           0.059
          90 Percent C.I.                    0.000  0.097
          Probability RMSEA <= .05           0.326

CFI/TLI

          CFI                                0.980
          TLI                                0.970

Chi-Square Test of Model Fit for the Baseline Model

          Value                            638.924
          Degrees of Freedom                    36
          P-Value                           0.0000

SRMR (Standardized Root Mean Square Residual)

          Value                              0.047



MODEL RESULTS

                                                    Two-Tailed
                    Estimate       S.E.  Est./S.E.    P-Value

 X        BY
    PTSD1              0.987      0.091     10.879      0.000
    PTSD2              0.640      0.111      5.749      0.000
    PTSD3              0.609      0.105      5.819      0.000

 M        BY
    BCOPE1             0.446      0.145      3.069      0.002
    BCOPE2             0.361      0.132      2.724      0.006
    BCOPE3             0.466      0.117      3.993      0.000

 Y        BY
    SUP1               2.119      0.129     16.457      0.000
    SUP2               2.154      0.131     16.438      0.000
    SUP3               1.899      0.137     13.891      0.000

 Y        ON
    X                 -0.215      0.515     -0.418      0.676
    M                 -0.042      0.185     -0.225      0.822

 M        ON
    X                  1.244      0.679      1.833      0.067

 Intercepts
    PTSD1              0.768      0.094      8.211      0.000
    PTSD2              0.448      0.073      6.101      0.000
    PTSD3              0.392      0.072      5.433      0.000
    SUP1               3.287      0.199     16.525      0.000
    SUP2               2.991      0.195     15.329      0.000
    SUP3               3.322      0.201     16.563      0.000
    BCOPE1             2.406      0.113     21.374      0.000
    BCOPE2             1.829      0.097     18.872      0.000
    BCOPE3             1.624      0.092     17.655      0.000

 Variances
    X                  1.000      0.000    999.000    999.000

 Residual Variances
    PTSD1              0.279      0.129      2.166      0.030
    PTSD2              0.369      0.092      4.010      0.000
    PTSD3              0.385      0.074      5.165      0.000
    SUP1               0.841      0.304      2.765      0.006
    SUP2               0.521      0.251      2.078      0.038
    SUP3               1.761      0.405      4.351      0.000
    BCOPE1             1.283      0.193      6.666      0.000
    BCOPE2             0.977      0.167      5.860      0.000
    BCOPE3             0.667      0.148      4.491      0.000
    M                  1.000      0.000    999.000    999.000
    Y                  1.000      0.000    999.000    999.000


STANDARDIZED MODEL RESULTS


STDYX Standardization

                                                    Two-Tailed
                    Estimate       S.E.  Est./S.E.    P-Value

 X        BY
    PTSD1              0.882      0.059     14.976      0.000
    PTSD2              0.725      0.089      8.133      0.000
    PTSD3              0.701      0.072      9.796      0.000

 M        BY
    BCOPE1             0.532      0.100      5.313      0.000
    BCOPE2             0.503      0.110      4.558      0.000
    BCOPE3             0.673      0.092      7.327      0.000

 Y        BY
    SUP1               0.923      0.030     30.471      0.000
    SUP2               0.951      0.025     38.258      0.000
    SUP3               0.829      0.044     18.688      0.000

 Y        ON
    X                 -0.208      0.369     -0.563      0.573
    M                 -0.064      0.384     -0.167      0.867

 M        ON
    X                  0.779      0.099      7.862      0.000

 Intercepts
    PTSD1              0.686      0.055     12.525      0.000
    PTSD2              0.507      0.048     10.566      0.000
    PTSD3              0.450      0.045     10.087      0.000
    SUP1               1.382      0.069     20.091      0.000
    SUP2               1.275      0.056     22.769      0.000
    SUP3               1.400      0.073     19.070      0.000
    BCOPE1             1.798      0.085     21.245      0.000
    BCOPE2             1.598      0.047     33.809      0.000
    BCOPE3             1.471      0.036     40.506      0.000

 Variances
    X                  1.000      0.000    999.000    999.000

 Residual Variances
    PTSD1              0.223      0.104      2.150      0.032
    PTSD2              0.474      0.127      3.742      0.000
    PTSD3              0.509      0.099      5.152      0.000
    SUP1               0.149      0.055      2.683      0.007
    SUP2               0.095      0.047      2.010      0.044
    SUP3               0.313      0.073      4.299      0.000
    BCOPE1             0.717      0.107      6.711      0.000
    BCOPE2             0.747      0.112      6.656      0.000
    BCOPE3             0.547      0.121      4.510      0.000
    M                  0.393      0.149      2.630      0.009
    Y                  0.932      0.064     14.476      0.000


STDY Standardization

                                                    Two-Tailed
                    Estimate       S.E.  Est./S.E.    P-Value

 X        BY
    PTSD1              0.882      0.059     14.976      0.000
    PTSD2              0.725      0.089      8.133      0.000
    PTSD3              0.701      0.072      9.796      0.000

 M        BY
    BCOPE1             0.532      0.100      5.313      0.000
    BCOPE2             0.503      0.110      4.558      0.000
    BCOPE3             0.673      0.092      7.327      0.000

 Y        BY
    SUP1               0.923      0.030     30.471      0.000
    SUP2               0.951      0.025     38.258      0.000
    SUP3               0.829      0.044     18.688      0.000

 Y        ON
    X                 -0.208      0.369     -0.563      0.573
    M                 -0.064      0.384     -0.167      0.867

 M        ON
    X                  0.779      0.099      7.862      0.000

 Intercepts
    PTSD1              0.686      0.055     12.525      0.000
    PTSD2              0.507      0.048     10.566      0.000
    PTSD3              0.450      0.045     10.087      0.000
    SUP1               1.382      0.069     20.091      0.000
    SUP2               1.275      0.056     22.769      0.000
    SUP3               1.400      0.073     19.070      0.000
    BCOPE1             1.798      0.085     21.245      0.000
    BCOPE2             1.598      0.047     33.809      0.000
    BCOPE3             1.471      0.036     40.506      0.000

 Variances
    X                  1.000      0.000    999.000    999.000

 Residual Variances
    PTSD1              0.223      0.097      2.293      0.022
    PTSD2              0.474      0.127      3.742      0.000
    PTSD3              0.509      0.099      5.152      0.000
    SUP1               0.149      0.055      2.686      0.007
    SUP2               0.095      0.046      2.078      0.038
    SUP3               0.313      0.073      4.299      0.000
    BCOPE1             0.717      0.107      6.711      0.000
    BCOPE2             0.747      0.112      6.656      0.000
    BCOPE3             0.547      0.121      4.532      0.000
    M                  0.393      0.149      2.630      0.009
    Y                  0.932      0.064     14.476      0.000


STD Standardization

                                                    Two-Tailed
                    Estimate       S.E.  Est./S.E.    P-Value

 X        BY
    PTSD1              0.987      0.091     10.879      0.000
    PTSD2              0.640      0.111      5.749      0.000
    PTSD3              0.609      0.105      5.819      0.000

 M        BY
    BCOPE1             0.712      0.136      5.246      0.000
    BCOPE2             0.576      0.131      4.408      0.000
    BCOPE3             0.743      0.123      6.062      0.000

 Y        BY
    SUP1               2.195      0.110     20.012      0.000
    SUP2               2.231      0.112     19.876      0.000
    SUP3               1.967      0.127     15.458      0.000

 Y        ON
    X                 -0.208      0.369     -0.563      0.573
    M                 -0.064      0.384     -0.167      0.867

 M        ON
    X                  0.779      0.099      7.862      0.000

 Intercepts
    PTSD1              0.768      0.094      8.211      0.000
    PTSD2              0.448      0.073      6.101      0.000
    PTSD3              0.392      0.072      5.433      0.000
    SUP1               3.287      0.199     16.525      0.000
    SUP2               2.991      0.195     15.329      0.000
    SUP3               3.322      0.201     16.563      0.000
    BCOPE1             2.406      0.113     21.374      0.000
    BCOPE2             1.829      0.097     18.872      0.000
    BCOPE3             1.624      0.092     17.655      0.000

 Variances
    X                  1.000      0.000    999.000    999.000

 Residual Variances
    PTSD1              0.279      0.121      2.308      0.021
    PTSD2              0.369      0.092      4.010      0.000
    PTSD3              0.385      0.074      5.165      0.000
    SUP1               0.841      0.304      2.768      0.006
    SUP2               0.521      0.242      2.153      0.031
    SUP3               1.761      0.405      4.351      0.000
    BCOPE1             1.283      0.193      6.666      0.000
    BCOPE2             0.977      0.167      5.860      0.000
    BCOPE3             0.667      0.148      4.512      0.000
    M                  0.393      0.149      2.630      0.009
    Y                  0.932      0.064     14.476      0.000


R-SQUARE

    Observed                                        Two-Tailed
    Variable        Estimate       S.E.  Est./S.E.    P-Value

    PTSD1              0.777      0.104      7.500      0.000
    PTSD2              0.526      0.127      4.147      0.000
    PTSD3              0.491      0.099      4.974      0.000
    SUP1               0.851      0.055     15.380      0.000
    SUP2               0.905      0.047     19.203      0.000
    SUP3               0.687      0.073      9.449      0.000
    BCOPE1             0.283      0.107      2.649      0.008
    BCOPE2             0.253      0.112      2.259      0.024
    BCOPE3             0.453      0.121      3.738      0.000

     Latent                                         Two-Tailed
    Variable        Estimate       S.E.  Est./S.E.    P-Value

    M                  0.607      0.149      4.070      0.000
    Y                  0.068      0.064      1.059      0.290


TOTAL, TOTAL INDIRECT, SPECIFIC INDIRECT, AND DIRECT EFFECTS


                                                    Two-Tailed
                    Estimate       S.E.  Est./S.E.    P-Value

Effects from X to Y

  Total               -0.267      0.106     -2.523      0.012
  Total indirect      -0.052      0.503     -0.103      0.918

  Specific indirect 1
    Y
    M
    X                 -0.052      0.503     -0.103      0.918

  Direct
    Y
    X                 -0.215      0.515     -0.418      0.676



STANDARDIZED TOTAL, TOTAL INDIRECT, SPECIFIC INDIRECT, AND DIRECT EFFECTS


STDYX Standardization

                                                    Two-Tailed
                    Estimate       S.E.  Est./S.E.    P-Value

Effects from X to Y

  Total               -0.258      0.093     -2.778      0.005
  Total indirect      -0.050      0.350     -0.143      0.886

  Specific indirect 1
    Y
    M
    X                 -0.050      0.350     -0.143      0.886

  Direct
    Y
    X                 -0.208      0.369     -0.563      0.573



STDY Standardization

                                                    Two-Tailed
                    Estimate       S.E.  Est./S.E.    P-Value

Effects from X to Y

  Total               -0.258      0.093     -2.778      0.005
  Total indirect      -0.050      0.350     -0.143      0.886

  Specific indirect 1
    Y
    M
    X                 -0.050      0.350     -0.143      0.886

  Direct
    Y
    X                 -0.208      0.369     -0.563      0.573



STD Standardization

                                                    Two-Tailed
                    Estimate       S.E.  Est./S.E.    P-Value

Effects from X to Y

  Total               -0.258      0.093     -2.778      0.005
  Total indirect      -0.050      0.350     -0.143      0.886

  Specific indirect 1
    Y
    M
    X                 -0.050      0.350     -0.143      0.886

  Direct
    Y
    X                 -0.208      0.369     -0.563      0.573




CONFIDENCE INTERVALS OF MODEL RESULTS

                  Lower .5%  Lower 2.5%    Lower 5%    Estimate    Upper 5%  Upper 2.5%   Upper .5%

 X        BY
    PTSD1            0.739       0.804       0.832       0.987       1.131       1.160       1.218
    PTSD2            0.338       0.411       0.447       0.640       0.813       0.842       0.904
    PTSD3            0.328       0.395       0.430       0.609       0.778       0.809       0.865

 M        BY
    BCOPE1           0.115       0.186       0.230       0.446       0.711       0.764       0.853
    BCOPE2           0.069       0.122       0.154       0.361       0.594       0.641       0.725
    BCOPE3           0.143       0.238       0.284       0.466       0.664       0.701       0.799

 Y        BY
    SUP1             1.822       1.914       1.957       2.119       2.330       2.362       2.421
    SUP2             1.855       1.946       1.988       2.154       2.375       2.410       2.463
    SUP3             1.578       1.672       1.718       1.899       2.137       2.171       2.237

 Y        ON
    X               -1.635      -0.844      -0.651      -0.215       0.251       0.433       1.347
    M               -0.550      -0.366      -0.304      -0.042       0.247       0.324       0.485

 M        ON
    X                0.586       0.712       0.787       1.244       2.677       3.487       6.416

 Intercepts
    PTSD1            0.542       0.589       0.617       0.768       0.926       0.959       1.018
    PTSD2            0.266       0.308       0.329       0.448       0.573       0.594       0.643
    PTSD3            0.224       0.259       0.280       0.392       0.517       0.545       0.594
    SUP1             2.783       2.895       2.958       3.287       3.608       3.678       3.797
    SUP2             2.492       2.615       2.669       2.991       3.313       3.380       3.503
    SUP3             2.818       2.937       2.993       3.322       3.657       3.720       3.832
    BCOPE1           2.121       2.185       2.222       2.406       2.588       2.624       2.702
    BCOPE2           1.579       1.639       1.671       1.829       1.991       2.021       2.090
    BCOPE3           1.399       1.449       1.477       1.624       1.776       1.808       1.868

 Variances
    X                1.000       1.000       1.000       1.000       1.000       1.000       1.000

 Residual Variances
    PTSD1           -0.044       0.045       0.087       0.279       0.507       0.551       0.644
    PTSD2            0.145       0.204       0.231       0.369       0.535       0.565       0.638
    PTSD3            0.213       0.258       0.279       0.385       0.527       0.553       0.607
    SUP1             0.214       0.347       0.418       0.841       1.436       1.557       1.832
    SUP2            -0.045       0.080       0.146       0.521       0.982       1.063       1.216
    SUP3             0.865       1.049       1.149       1.761       2.504       2.642       2.930
    BCOPE1           0.737       0.888       0.960       1.283       1.579       1.619       1.695
    BCOPE2           0.558       0.664       0.716       0.977       1.258       1.309       1.384
    BCOPE3           0.305       0.403       0.447       0.667       0.934       0.988       1.107
    M                1.000       1.000       1.000       1.000       1.000       1.000       1.000
    Y                1.000       1.000       1.000       1.000       1.000       1.000       1.000


CONFIDENCE INTERVALS OF STANDARDIZED MODEL RESULTS


STDYX Standardization

                  Lower .5%  Lower 2.5%    Lower 5%    Estimate    Upper 5%  Upper 2.5%   Upper .5%

 X        BY
    PTSD1            0.704       0.751       0.773       0.882       0.968       0.985       1.022
    PTSD2            0.453       0.526       0.559       0.725       0.855       0.875       0.917
    PTSD3            0.480       0.536       0.564       0.701       0.804       0.823       0.854

 M        BY
    BCOPE1           0.261       0.326       0.359       0.532       0.692       0.721       0.774
    BCOPE2           0.216       0.281       0.314       0.503       0.678       0.709       0.769
    BCOPE3           0.390       0.469       0.503       0.673       0.808       0.835       0.888

 Y        BY
    SUP1             0.819       0.850       0.861       0.923       0.964       0.970       0.982
    SUP2             0.876       0.896       0.904       0.951       0.988       0.994       1.005
    SUP3             0.698       0.729       0.747       0.829       0.894       0.904       0.920

 Y        ON
    X               -1.462      -0.776      -0.610      -0.208       0.229       0.385       1.091
    M               -1.286      -0.649      -0.492      -0.064       0.421       0.588       1.353

 M        ON
    X                0.506       0.580       0.619       0.779       0.937       0.961       0.988

 Intercepts
    PTSD1            0.551       0.579       0.596       0.686       0.776       0.797       0.833
    PTSD2            0.383       0.412       0.428       0.507       0.586       0.601       0.632
    PTSD3            0.339       0.365       0.378       0.450       0.527       0.541       0.568
    SUP1             1.228       1.257       1.276       1.382       1.499       1.526       1.583
    SUP2             1.148       1.172       1.187       1.275       1.366       1.387       1.434
    SUP3             1.236       1.271       1.288       1.400       1.527       1.556       1.609
    BCOPE1           1.612       1.650       1.671       1.798       1.947       1.979       2.046
    BCOPE2           1.486       1.512       1.522       1.598       1.673       1.691       1.725
    BCOPE3           1.389       1.406       1.414       1.471       1.524       1.539       1.571

 Variances
    X                1.000       1.000       1.000       1.000       1.000       1.000       1.000

 Residual Variances
    PTSD1           -0.045       0.029       0.063       0.223       0.402       0.435       0.504
    PTSD2            0.159       0.233       0.269       0.474       0.688       0.723       0.793
    PTSD3            0.270       0.323       0.353       0.509       0.681       0.712       0.767
    SUP1             0.035       0.059       0.071       0.149       0.258       0.278       0.326
    SUP2            -0.010       0.013       0.025       0.095       0.182       0.197       0.232
    SUP3             0.153       0.182       0.201       0.313       0.441       0.468       0.513
    BCOPE1           0.401       0.480       0.520       0.717       0.871       0.894       0.931
    BCOPE2           0.408       0.498       0.540       0.747       0.901       0.921       0.953
    BCOPE3           0.211       0.303       0.346       0.547       0.746       0.780       0.848
    M                0.023       0.076       0.122       0.393       0.617       0.664       0.744
    Y                0.789       0.841       0.864       0.932       0.996       0.998       0.999


STDY Standardization

                  Lower .5%  Lower 2.5%    Lower 5%    Estimate    Upper 5%  Upper 2.5%   Upper .5%

 X        BY
    PTSD1            0.704       0.751       0.773       0.882       0.968       0.985       1.022
    PTSD2            0.453       0.526       0.559       0.725       0.855       0.875       0.917
    PTSD3            0.480       0.536       0.564       0.701       0.804       0.823       0.854

 M        BY
    BCOPE1           0.261       0.326       0.359       0.532       0.692       0.721       0.774
    BCOPE2           0.216       0.281       0.314       0.503       0.678       0.709       0.769
    BCOPE3           0.390       0.469       0.503       0.673       0.808       0.835       0.888

 Y        BY
    SUP1             0.819       0.850       0.861       0.923       0.964       0.970       0.982
    SUP2             0.876       0.896       0.904       0.951       0.988       0.994       1.005
    SUP3             0.698       0.729       0.747       0.829       0.894       0.904       0.920

 Y        ON
    X               -1.462      -0.776      -0.610      -0.208       0.229       0.385       1.091
    M               -1.286      -0.649      -0.492      -0.064       0.421       0.588       1.353

 M        ON
    X                0.506       0.580       0.619       0.779       0.937       0.961       0.988

 Intercepts
    PTSD1            0.551       0.579       0.596       0.686       0.776       0.797       0.833
    PTSD2            0.383       0.412       0.428       0.507       0.586       0.601       0.632
    PTSD3            0.339       0.365       0.378       0.450       0.527       0.541       0.568
    SUP1             1.228       1.257       1.276       1.382       1.499       1.526       1.583
    SUP2             1.148       1.172       1.187       1.275       1.366       1.387       1.434
    SUP3             1.236       1.271       1.288       1.400       1.527       1.556       1.609
    BCOPE1           1.612       1.650       1.671       1.798       1.947       1.979       2.046
    BCOPE2           1.486       1.512       1.522       1.598       1.673       1.691       1.725
    BCOPE3           1.389       1.406       1.414       1.471       1.524       1.539       1.571

 Variances
    X                1.000       1.000       1.000       1.000       1.000       1.000       1.000

 Residual Variances
    PTSD1            0.015       0.047       0.071       0.223       0.398       0.430       0.500
    PTSD2            0.159       0.233       0.269       0.474       0.688       0.723       0.793
    PTSD3            0.270       0.323       0.353       0.509       0.681       0.712       0.767
    SUP1             0.035       0.059       0.071       0.149       0.258       0.277       0.326
    SUP2             0.005       0.018       0.028       0.095       0.180       0.196       0.229
    SUP3             0.153       0.182       0.201       0.313       0.441       0.468       0.513
    BCOPE1           0.401       0.480       0.520       0.717       0.871       0.894       0.931
    BCOPE2           0.408       0.498       0.540       0.747       0.901       0.921       0.953
    BCOPE3           0.213       0.303       0.347       0.547       0.746       0.780       0.848
    M                0.023       0.076       0.122       0.393       0.617       0.664       0.744
    Y                0.789       0.841       0.864       0.932       0.996       0.998       0.999


STD Standardization

                  Lower .5%  Lower 2.5%    Lower 5%    Estimate    Upper 5%  Upper 2.5%   Upper .5%

 X        BY
    PTSD1            0.739       0.804       0.832       0.987       1.131       1.160       1.218
    PTSD2            0.338       0.411       0.447       0.640       0.813       0.842       0.904
    PTSD3            0.328       0.395       0.430       0.609       0.778       0.809       0.865

 M        BY
    BCOPE1           0.358       0.440       0.485       0.712       0.934       0.975       1.042
    BCOPE2           0.246       0.321       0.359       0.576       0.790       0.828       0.906
    BCOPE3           0.409       0.496       0.539       0.743       0.940       0.981       1.056

 Y        BY
    SUP1             1.886       1.972       2.011       2.195       2.365       2.394       2.455
    SUP2             1.916       1.998       2.038       2.231       2.404       2.434       2.491
    SUP3             1.615       1.703       1.749       1.967       2.164       2.199       2.265

 Y        ON
    X               -1.462      -0.776      -0.610      -0.208       0.229       0.385       1.091
    M               -1.286      -0.649      -0.492      -0.064       0.421       0.588       1.353

 M        ON
    X                0.506       0.580       0.619       0.779       0.937       0.961       0.988

 Intercepts
    PTSD1            0.542       0.589       0.617       0.768       0.926       0.959       1.018
    PTSD2            0.266       0.308       0.329       0.448       0.573       0.594       0.643
    PTSD3            0.224       0.259       0.280       0.392       0.517       0.545       0.594
    SUP1             2.783       2.895       2.958       3.287       3.608       3.678       3.797
    SUP2             2.492       2.615       2.669       2.991       3.313       3.380       3.503
    SUP3             2.818       2.937       2.993       3.322       3.657       3.720       3.832
    BCOPE1           2.121       2.185       2.222       2.406       2.588       2.624       2.702
    BCOPE2           1.579       1.639       1.671       1.829       1.991       2.021       2.090
    BCOPE3           1.399       1.449       1.477       1.624       1.776       1.808       1.868

 Variances
    X                1.000       1.000       1.000       1.000       1.000       1.000       1.000

 Residual Variances
    PTSD1            0.023       0.066       0.097       0.279       0.501       0.541       0.643
    PTSD2            0.145       0.204       0.231       0.369       0.535       0.565       0.638
    PTSD3            0.213       0.258       0.279       0.385       0.527       0.553       0.607
    SUP1             0.216       0.347       0.418       0.841       1.436       1.557       1.832
    SUP2             0.032       0.105       0.161       0.521       0.975       1.054       1.210
    SUP3             0.865       1.049       1.149       1.761       2.504       2.642       2.930
    BCOPE1           0.737       0.888       0.960       1.283       1.579       1.619       1.695
    BCOPE2           0.558       0.664       0.716       0.977       1.258       1.309       1.384
    BCOPE3           0.307       0.403       0.447       0.667       0.933       0.988       1.107
    M                0.023       0.076       0.122       0.393       0.617       0.664       0.744
    Y                0.789       0.841       0.864       0.932       0.996       0.998       0.999


CONFIDENCE INTERVALS OF TOTAL, TOTAL INDIRECT, SPECIFIC INDIRECT, AND DIRECT EFFECTS


                  Lower .5%  Lower 2.5%    Lower 5%    Estimate    Upper 5%  Upper 2.5%   Upper .5%

Effects from X to Y

  Total             -0.535      -0.466      -0.431      -0.267      -0.081      -0.044       0.022
  Total indirect    -1.501      -0.640      -0.448      -0.052       0.352       0.536       1.322

  Specific indirect 1
    Y
    M
    X               -1.501      -0.640      -0.448      -0.052       0.352       0.536       1.322

  Direct
    Y
    X               -1.635      -0.844      -0.651      -0.215       0.251       0.433       1.347



CONFIDENCE INTERVALS OF STANDARDIZED TOTAL, TOTAL INDIRECT, SPECIFIC INDIRECT, AND DIRECT EFFECTS


STDYX Standardization

                  Lower .5%  Lower 2.5%    Lower 5%    Estimate    Upper 5%  Upper 2.5%   Upper .5%

Effects from X to Y

  Total             -0.464      -0.422      -0.397      -0.258      -0.090      -0.051       0.010
  Total indirect    -1.259      -0.582      -0.416      -0.050       0.331       0.491       1.216

  Specific indirect 1
    Y
    M
    X               -1.259      -0.582      -0.416      -0.050       0.331       0.491       1.216

  Direct
    Y
    X               -1.462      -0.776      -0.610      -0.208       0.229       0.385       1.091



STDY Standardization

                  Lower .5%  Lower 2.5%    Lower 5%    Estimate    Upper 5%  Upper 2.5%   Upper .5%

Effects from X to Y

  Total             -0.464      -0.422      -0.397      -0.258      -0.090      -0.051       0.010
  Total indirect    -1.259      -0.582      -0.416      -0.050       0.331       0.491       1.216

  Specific indirect 1
    Y
    M
    X               -1.259      -0.582      -0.416      -0.050       0.331       0.491       1.216

  Direct
    Y
    X               -1.462      -0.776      -0.610      -0.208       0.229       0.385       1.091



STD Standardization

                  Lower .5%  Lower 2.5%    Lower 5%    Estimate    Upper 5%  Upper 2.5%   Upper .5%

Effects from X to Y

  Total             -0.464      -0.422      -0.397      -0.258      -0.090      -0.051       0.010
  Total indirect    -1.259      -0.582      -0.416      -0.050       0.331       0.491       1.216

  Specific indirect 1
    Y
    M
    X               -1.259      -0.582      -0.416      -0.050       0.331       0.491       1.216

  Direct
    Y
    X               -1.462      -0.776      -0.610      -0.208       0.229       0.385       1.091




DIAGRAM INFORMATION

  Use View Diagram under the Diagram menu in the Mplus Editor to view the diagram.
  If running Mplus from the Mplus Diagrammer, the diagram opens automatically.

  Diagram output
    c:\users\whowar\documents\github\bcorp-2025\exercises\5.2-latent-mediation.dgm

     Beginning Time:  13:47:55
        Ending Time:  13:48:13
       Elapsed Time:  00:00:18



MUTHEN & MUTHEN
3463 Stoner Ave.
Los Angeles, CA  90066

Tel: (310) 391-9971
Fax: (310) 391-8971
Web: www.StatModel.com
Support: Support@StatModel.com

Copyright (c) 1998-2023 Muthen & Muthen
